<?xml version="1.0" encoding="UTF-8"?>
<testng-results ignored="0" total="9" passed="9" failed="0" skipped="0">
  <reporter-output>
  </reporter-output>
  <suite started-at="2023-05-18T13:56:59Z" name="Default suite" finished-at="2023-05-18T14:01:26Z" duration-ms="267834">
    <groups>
      <group name="cucumber">
        <method signature="AbstractTestNGCucumberTests.runScenario(io.cucumber.testng.PickleEventWrapper, io.cucumber.testng.CucumberFeatureWrapper)[pri:0, instance:org.runner.Runner@5b6ec132]" name="runScenario" class="io.cucumber.testng.AbstractTestNGCucumberTests"/>
      </group> <!-- cucumber -->
    </groups>
    <test started-at="2023-05-18T13:56:59Z" name="Default test" finished-at="2023-05-18T14:01:26Z" duration-ms="267834">
      <class name="org.runner.Runner">
        <test-method is-config="true" signature="allureReportCleanup()[pri:0, instance:org.runner.Runner@5b6ec132]" started-at="2023-05-18T13:56:54Z" name="allureReportCleanup" finished-at="2023-05-18T13:56:59Z" duration-ms="4074" status="PASS">
          <reporter-output>
          </reporter-output>
        </test-method> <!-- allureReportCleanup -->
        <test-method is-config="true" signature="setUpClass()[pri:0, instance:org.runner.Runner@5b6ec132]" started-at="2023-05-18T13:56:59Z" name="setUpClass" finished-at="2023-05-18T13:56:59Z" duration-ms="603" status="PASS">
          <reporter-output>
          </reporter-output>
        </test-method> <!-- setUpClass -->
        <test-method signature="runScenario(io.cucumber.testng.PickleEventWrapper, io.cucumber.testng.CucumberFeatureWrapper)[pri:0, instance:org.runner.Runner@5b6ec132]" started-at="2023-05-18T13:56:59Z" name="runScenario" description="Runs Cucumber Scenarios" data-provider="scenarios" finished-at="2023-05-18T13:57:09Z" duration-ms="9505" status="PASS">
          <params>
            <param index="0">
              <value>
                <![CDATA["To validate SalesIntel application Launching application"]]>
              </value>
            </param>
            <param index="1">
              <value>
                <![CDATA["To validate SalesIntel Tab"]]>
              </value>
            </param>
          </params>
          <reporter-output>
          </reporter-output>
        </test-method> <!-- runScenario -->
        <test-method signature="runScenario(io.cucumber.testng.PickleEventWrapper, io.cucumber.testng.CucumberFeatureWrapper)[pri:0, instance:org.runner.Runner@5b6ec132]" started-at="2023-05-18T13:57:09Z" name="runScenario" description="Runs Cucumber Scenarios" data-provider="scenarios" finished-at="2023-05-18T13:57:21Z" duration-ms="12336" status="PASS">
          <params>
            <param index="0">
              <value>
                <![CDATA["To validate SalesIntel application Valid User Username and Valid Password"]]>
              </value>
            </param>
            <param index="1">
              <value>
                <![CDATA["To validate SalesIntel Tab"]]>
              </value>
            </param>
          </params>
          <reporter-output>
          </reporter-output>
        </test-method> <!-- runScenario -->
        <test-method signature="runScenario(io.cucumber.testng.PickleEventWrapper, io.cucumber.testng.CucumberFeatureWrapper)[pri:0, instance:org.runner.Runner@5b6ec132]" started-at="2023-05-18T13:57:21Z" name="runScenario" description="Runs Cucumber Scenarios" data-provider="scenarios" finished-at="2023-05-18T13:57:59Z" duration-ms="37577" status="PASS">
          <params>
            <param index="0">
              <value>
                <![CDATA["To Validate Search Box with Company Name in SalesIntel Tab"]]>
              </value>
            </param>
            <param index="1">
              <value>
                <![CDATA["To validate SalesIntel Tab"]]>
              </value>
            </param>
          </params>
          <reporter-output>
          </reporter-output>
        </test-method> <!-- runScenario -->
        <test-method signature="runScenario(io.cucumber.testng.PickleEventWrapper, io.cucumber.testng.CucumberFeatureWrapper)[pri:0, instance:org.runner.Runner@5b6ec132]" started-at="2023-05-18T13:57:59Z" name="runScenario" description="Runs Cucumber Scenarios" data-provider="scenarios" finished-at="2023-05-18T13:58:30Z" duration-ms="31045" status="PASS">
          <params>
            <param index="0">
              <value>
                <![CDATA["To Validate Search Box with Company Domain in SalesIntel Tab"]]>
              </value>
            </param>
            <param index="1">
              <value>
                <![CDATA["To validate SalesIntel Tab"]]>
              </value>
            </param>
          </params>
          <reporter-output>
          </reporter-output>
        </test-method> <!-- runScenario -->
        <test-method signature="runScenario(io.cucumber.testng.PickleEventWrapper, io.cucumber.testng.CucumberFeatureWrapper)[pri:0, instance:org.runner.Runner@5b6ec132]" started-at="2023-05-18T13:58:30Z" name="runScenario" description="Runs Cucumber Scenarios" data-provider="scenarios" finished-at="2023-05-18T13:58:51Z" duration-ms="20672" status="PASS">
          <params>
            <param index="0">
              <value>
                <![CDATA["To Validate Recommended Lists in SalesIntel Tab"]]>
              </value>
            </param>
            <param index="1">
              <value>
                <![CDATA["To validate SalesIntel Tab"]]>
              </value>
            </param>
          </params>
          <reporter-output>
          </reporter-output>
        </test-method> <!-- runScenario -->
        <test-method signature="runScenario(io.cucumber.testng.PickleEventWrapper, io.cucumber.testng.CucumberFeatureWrapper)[pri:0, instance:org.runner.Runner@5b6ec132]" started-at="2023-05-18T13:58:51Z" name="runScenario" description="Runs Cucumber Scenarios" data-provider="scenarios" finished-at="2023-05-18T13:59:41Z" duration-ms="50958" status="PASS">
          <params>
            <param index="0">
              <value>
                <![CDATA["To Validate Saved Searches in SalesIntel Tab"]]>
              </value>
            </param>
            <param index="1">
              <value>
                <![CDATA["To validate SalesIntel Tab"]]>
              </value>
            </param>
          </params>
          <reporter-output>
          </reporter-output>
        </test-method> <!-- runScenario -->
        <test-method signature="runScenario(io.cucumber.testng.PickleEventWrapper, io.cucumber.testng.CucumberFeatureWrapper)[pri:0, instance:org.runner.Runner@5b6ec132]" started-at="2023-05-18T13:59:41Z" name="runScenario" description="Runs Cucumber Scenarios" data-provider="scenarios" finished-at="2023-05-18T13:59:57Z" duration-ms="15233" status="PASS">
          <params>
            <param index="0">
              <value>
                <![CDATA["To validate application scroll Down"]]>
              </value>
            </param>
            <param index="1">
              <value>
                <![CDATA["To validate SalesIntel Tab"]]>
              </value>
            </param>
          </params>
          <reporter-output>
          </reporter-output>
        </test-method> <!-- runScenario -->
        <test-method signature="runScenario(io.cucumber.testng.PickleEventWrapper, io.cucumber.testng.CucumberFeatureWrapper)[pri:0, instance:org.runner.Runner@5b6ec132]" started-at="2023-05-18T13:59:57Z" name="runScenario" description="Runs Cucumber Scenarios" data-provider="scenarios" finished-at="2023-05-18T14:01:14Z" duration-ms="77647" status="PASS">
          <params>
            <param index="0">
              <value>
                <![CDATA["To validate application Upload a file"]]>
              </value>
            </param>
            <param index="1">
              <value>
                <![CDATA["To validate SalesIntel Tab"]]>
              </value>
            </param>
          </params>
          <reporter-output>
          </reporter-output>
        </test-method> <!-- runScenario -->
        <test-method signature="runScenario(io.cucumber.testng.PickleEventWrapper, io.cucumber.testng.CucumberFeatureWrapper)[pri:0, instance:org.runner.Runner@5b6ec132]" started-at="2023-05-18T14:01:14Z" name="runScenario" description="Runs Cucumber Scenarios" data-provider="scenarios" finished-at="2023-05-18T14:01:26Z" duration-ms="11193" status="PASS">
          <params>
            <param index="0">
              <value>
                <![CDATA["Logout the application"]]>
              </value>
            </param>
            <param index="1">
              <value>
                <![CDATA["To validate SalesIntel Tab"]]>
              </value>
            </param>
          </params>
          <reporter-output>
          </reporter-output>
        </test-method> <!-- runScenario -->
        <test-method is-config="true" signature="tearDownClass()[pri:0, instance:org.runner.Runner@5b6ec132]" started-at="2023-05-18T14:01:26Z" name="tearDownClass" finished-at="2023-05-18T14:01:26Z" duration-ms="841" status="PASS">
          <reporter-output>
          </reporter-output>
        </test-method> <!-- tearDownClass -->
        <test-method is-config="true" signature="cucumberReportGenerate()[pri:0, instance:org.runner.Runner@5b6ec132]" started-at="2023-05-18T14:01:26Z" name="cucumberReportGenerate" finished-at="2023-05-18T14:01:28Z" duration-ms="1482" status="PASS">
          <reporter-output>
          </reporter-output>
        </test-method> <!-- cucumberReportGenerate -->
      </class> <!-- org.runner.Runner -->
    </test> <!-- Default test -->
  </suite> <!-- Default suite -->
</testng-results>
