<?xml version="1.0" encoding="UTF-8"?>
<testng-results ignored="0" total="8" passed="8" failed="0" skipped="0">
  <reporter-output>
  </reporter-output>
  <suite started-at="2023-07-10T11:59:30Z" name="Default suite" finished-at="2023-07-10T12:05:20Z" duration-ms="349598">
    <groups>
      <group name="cucumber">
        <method signature="AbstractTestNGCucumberTests.runScenario(io.cucumber.testng.PickleEventWrapper, io.cucumber.testng.CucumberFeatureWrapper)[pri:0, instance:org.runner.Runner@67d18ed7]" name="runScenario" class="io.cucumber.testng.AbstractTestNGCucumberTests"/>
      </group> <!-- cucumber -->
    </groups>
    <test started-at="2023-07-10T11:59:30Z" name="Default test" finished-at="2023-07-10T12:05:20Z" duration-ms="349598">
      <class name="org.runner.Runner">
        <test-method is-config="true" signature="allureReportCleanup()[pri:0, instance:org.runner.Runner@67d18ed7]" started-at="2023-07-10T11:59:26Z" name="allureReportCleanup" finished-at="2023-07-10T11:59:30Z" duration-ms="4090" status="PASS">
          <reporter-output>
          </reporter-output>
        </test-method> <!-- allureReportCleanup -->
        <test-method is-config="true" signature="setUpClass()[pri:0, instance:org.runner.Runner@67d18ed7]" started-at="2023-07-10T11:59:30Z" name="setUpClass" finished-at="2023-07-10T11:59:31Z" duration-ms="666" status="PASS">
          <reporter-output>
          </reporter-output>
        </test-method> <!-- setUpClass -->
        <test-method signature="runScenario(io.cucumber.testng.PickleEventWrapper, io.cucumber.testng.CucumberFeatureWrapper)[pri:0, instance:org.runner.Runner@67d18ed7]" started-at="2023-07-10T11:59:31Z" name="runScenario" description="Runs Cucumber Scenarios" data-provider="scenarios" finished-at="2023-07-10T11:59:36Z" duration-ms="4753" status="PASS">
          <params>
            <param index="0">
              <value>
                <![CDATA["To validate Salesforce application Launching application"]]>
              </value>
            </param>
            <param index="1">
              <value>
                <![CDATA["To Validate Application Sales Intel Enrich Intel"]]>
              </value>
            </param>
          </params>
          <reporter-output>
          </reporter-output>
        </test-method> <!-- runScenario -->
        <test-method signature="runScenario(io.cucumber.testng.PickleEventWrapper, io.cucumber.testng.CucumberFeatureWrapper)[pri:0, instance:org.runner.Runner@67d18ed7]" started-at="2023-07-10T11:59:36Z" name="runScenario" description="Runs Cucumber Scenarios" data-provider="scenarios" finished-at="2023-07-10T12:00:20Z" duration-ms="44195" status="PASS">
          <params>
            <param index="0">
              <value>
                <![CDATA["To validate Salesforce application Valid User Username and Valid Password"]]>
              </value>
            </param>
            <param index="1">
              <value>
                <![CDATA["To Validate Application Sales Intel Enrich Intel"]]>
              </value>
            </param>
          </params>
          <reporter-output>
          </reporter-output>
        </test-method> <!-- runScenario -->
        <test-method signature="runScenario(io.cucumber.testng.PickleEventWrapper, io.cucumber.testng.CucumberFeatureWrapper)[pri:0, instance:org.runner.Runner@67d18ed7]" started-at="2023-07-10T12:00:20Z" name="runScenario" description="Runs Cucumber Scenarios" data-provider="scenarios" finished-at="2023-07-10T12:00:31Z" duration-ms="11284" status="PASS">
          <params>
            <param index="0">
              <value>
                <![CDATA["To validate Salesforce application - To change Switching to Classic Experience or Switching to Lightning Experience"]]>
              </value>
            </param>
            <param index="1">
              <value>
                <![CDATA["To Validate Application Sales Intel Enrich Intel"]]>
              </value>
            </param>
          </params>
          <reporter-output>
          </reporter-output>
        </test-method> <!-- runScenario -->
        <test-method signature="runScenario(io.cucumber.testng.PickleEventWrapper, io.cucumber.testng.CucumberFeatureWrapper)[pri:0, instance:org.runner.Runner@67d18ed7]" started-at="2023-07-10T12:00:31Z" name="runScenario" description="Runs Cucumber Scenarios" data-provider="scenarios" finished-at="2023-07-10T12:01:03Z" duration-ms="31614" status="PASS">
          <params>
            <param index="0">
              <value>
                <![CDATA["To validate SalesIntel application Valid User Username and Valid Password"]]>
              </value>
            </param>
            <param index="1">
              <value>
                <![CDATA["To Validate Application Sales Intel Enrich Intel"]]>
              </value>
            </param>
          </params>
          <reporter-output>
          </reporter-output>
        </test-method> <!-- runScenario -->
        <test-method signature="runScenario(io.cucumber.testng.PickleEventWrapper, io.cucumber.testng.CucumberFeatureWrapper)[pri:0, instance:org.runner.Runner@67d18ed7]" started-at="2023-07-10T12:01:03Z" name="runScenario" description="Runs Cucumber Scenarios" data-provider="scenarios" finished-at="2023-07-10T12:01:45Z" duration-ms="42407" status="PASS">
          <params>
            <param index="0">
              <value>
                <![CDATA["To validate SalesIntel application - Selecting multiple contacts"]]>
              </value>
            </param>
            <param index="1">
              <value>
                <![CDATA["To Validate Application Sales Intel Enrich Intel"]]>
              </value>
            </param>
          </params>
          <reporter-output>
          </reporter-output>
        </test-method> <!-- runScenario -->
        <test-method signature="runScenario(io.cucumber.testng.PickleEventWrapper, io.cucumber.testng.CucumberFeatureWrapper)[pri:0, instance:org.runner.Runner@67d18ed7]" started-at="2023-07-10T12:01:45Z" name="runScenario" description="Runs Cucumber Scenarios" data-provider="scenarios" finished-at="2023-07-10T12:02:15Z" duration-ms="30037" status="PASS">
          <params>
            <param index="0">
              <value>
                <![CDATA["To validate Salesforce application - adding multiple contacts(First Lead) in leads page"]]>
              </value>
            </param>
            <param index="1">
              <value>
                <![CDATA["To Validate Application Sales Intel Enrich Intel"]]>
              </value>
            </param>
          </params>
          <reporter-output>
          </reporter-output>
        </test-method> <!-- runScenario -->
        <test-method signature="runScenario(io.cucumber.testng.PickleEventWrapper, io.cucumber.testng.CucumberFeatureWrapper)[pri:0, instance:org.runner.Runner@67d18ed7]" started-at="2023-07-10T12:02:15Z" name="runScenario" description="Runs Cucumber Scenarios" data-provider="scenarios" finished-at="2023-07-10T12:05:13Z" duration-ms="177361" status="PASS">
          <params>
            <param index="0">
              <value>
                <![CDATA["To validate Salesforce application - New Sales Enrichment Leads Functionality"]]>
              </value>
            </param>
            <param index="1">
              <value>
                <![CDATA["To Validate Application Sales Intel Enrich Intel"]]>
              </value>
            </param>
          </params>
          <reporter-output>
          </reporter-output>
        </test-method> <!-- runScenario -->
        <test-method signature="runScenario(io.cucumber.testng.PickleEventWrapper, io.cucumber.testng.CucumberFeatureWrapper)[pri:0, instance:org.runner.Runner@67d18ed7]" started-at="2023-07-10T12:05:13Z" name="runScenario" description="Runs Cucumber Scenarios" data-provider="scenarios" finished-at="2023-07-10T12:05:19Z" duration-ms="6254" status="PASS">
          <params>
            <param index="0">
              <value>
                <![CDATA["To validate Salesforce application - Logout Functionality"]]>
              </value>
            </param>
            <param index="1">
              <value>
                <![CDATA["To Validate Application Sales Intel Enrich Intel"]]>
              </value>
            </param>
          </params>
          <reporter-output>
          </reporter-output>
        </test-method> <!-- runScenario -->
        <test-method is-config="true" signature="tearDownClass()[pri:0, instance:org.runner.Runner@67d18ed7]" started-at="2023-07-10T12:05:19Z" name="tearDownClass" finished-at="2023-07-10T12:05:20Z" duration-ms="795" status="PASS">
          <reporter-output>
          </reporter-output>
        </test-method> <!-- tearDownClass -->
        <test-method is-config="true" signature="cucumberReportGenerate()[pri:0, instance:org.runner.Runner@67d18ed7]" started-at="2023-07-10T12:05:20Z" name="cucumberReportGenerate" finished-at="2023-07-10T12:05:21Z" duration-ms="1605" status="PASS">
          <reporter-output>
          </reporter-output>
        </test-method> <!-- cucumberReportGenerate -->
      </class> <!-- org.runner.Runner -->
    </test> <!-- Default test -->
  </suite> <!-- Default suite -->
</testng-results>
