<?xml version="1.0" encoding="UTF-8"?>
<testng-results ignored="0" total="1" passed="1" failed="0" skipped="0">
  <reporter-output>
  </reporter-output>
  <suite started-at="2023-05-19T04:57:22Z" name="Default suite" finished-at="2023-05-19T05:03:54Z" duration-ms="391076">
    <groups>
      <group name="cucumber">
        <method signature="AbstractTestNGCucumberTests.runScenario(io.cucumber.testng.PickleEventWrapper, io.cucumber.testng.CucumberFeatureWrapper)[pri:0, instance:org.runner.Runner@67d18ed7]" name="runScenario" class="io.cucumber.testng.AbstractTestNGCucumberTests"/>
      </group> <!-- cucumber -->
    </groups>
    <test started-at="2023-05-19T04:57:22Z" name="Default test" finished-at="2023-05-19T05:03:54Z" duration-ms="391076">
      <class name="org.runner.Runner">
        <test-method is-config="true" signature="allureReportCleanup()[pri:0, instance:org.runner.Runner@67d18ed7]" started-at="2023-05-19T04:57:18Z" name="allureReportCleanup" finished-at="2023-05-19T04:57:22Z" duration-ms="4354" status="PASS">
          <reporter-output>
          </reporter-output>
        </test-method> <!-- allureReportCleanup -->
        <test-method is-config="true" signature="setUpClass()[pri:0, instance:org.runner.Runner@67d18ed7]" started-at="2023-05-19T04:57:22Z" name="setUpClass" finished-at="2023-05-19T04:57:23Z" duration-ms="711" status="PASS">
          <reporter-output>
          </reporter-output>
        </test-method> <!-- setUpClass -->
        <test-method signature="runScenario(io.cucumber.testng.PickleEventWrapper, io.cucumber.testng.CucumberFeatureWrapper)[pri:0, instance:org.runner.Runner@67d18ed7]" started-at="2023-05-19T04:57:23Z" name="runScenario" description="Runs Cucumber Scenarios" data-provider="scenarios" finished-at="2023-05-19T05:03:53Z" duration-ms="389446" status="PASS">
          <params>
            <param index="0">
              <value>
                <![CDATA["To validate the login logout with different credentials"]]>
              </value>
            </param>
            <param index="1">
              <value>
                <![CDATA["Data Driver testing"]]>
              </value>
            </param>
          </params>
          <reporter-output>
          </reporter-output>
        </test-method> <!-- runScenario -->
        <test-method is-config="true" signature="tearDownClass()[pri:0, instance:org.runner.Runner@67d18ed7]" started-at="2023-05-19T05:03:53Z" name="tearDownClass" finished-at="2023-05-19T05:03:54Z" duration-ms="710" status="PASS">
          <reporter-output>
          </reporter-output>
        </test-method> <!-- tearDownClass -->
        <test-method is-config="true" signature="cucumberReportGenerate()[pri:0, instance:org.runner.Runner@67d18ed7]" started-at="2023-05-19T05:03:54Z" name="cucumberReportGenerate" finished-at="2023-05-19T05:03:55Z" duration-ms="1477" status="PASS">
          <reporter-output>
          </reporter-output>
        </test-method> <!-- cucumberReportGenerate -->
      </class> <!-- org.runner.Runner -->
    </test> <!-- Default test -->
  </suite> <!-- Default suite -->
</testng-results>
